<?xml version="1.0" encoding="UTF-8"?>
<testsuite name="chess.ChessGameLauncherTest" tests="1" skipped="0" failures="0" errors="0" timestamp="2022-01-16T08:39:32" hostname="kwangilchoui-MacBookPro.local" time="0.055">
  <properties/>
  <testcase name="name()" classname="chess.ChessGameLauncherTest" time="0.055"/>
  <system-out><![CDATA[]]></system-out>
  <system-err><![CDATA[]]></system-err>
</testsuite>
